<?xml version="1.0" encoding="UTF-8"?>
<!-- Generated by org.testng.reporters.JUnitReportReporter -->
<testsuite hostname="LAPTOP-1D7JHQSP" failures="0" tests="6" name="Openbrowser.testng1" time="0.015" errors="0" timestamp="2022-12-13T11:24:30 IST" skipped="0">
  <testcase classname="Openbrowser.testng1" name="addition1" time="0.002"/>
  <system-out/>
  <testcase classname="Openbrowser.testng1" name="addition1" time="0.001"/>
  <system-out/>
  <testcase classname="Openbrowser.testng1" name="addition1" time="0.001"/>
  <system-out/>
  <testcase classname="Openbrowser.testng1" name="addition1" time="0.007"/>
  <system-out/>
  <testcase classname="Openbrowser.testng1" name="addition1" time="0.001"/>
  <system-out/>
  <testcase classname="Openbrowser.testng1" name="multi" time="0.003"/>
  <system-out/>
</testsuite> <!-- Openbrowser.testng1 -->
