<?xml version="1.0" encoding="UTF-8"?>
<!-- Generated by org.testng.reporters.JUnitReportReporter -->
<testsuite hostname="LAPTOP-1D7JHQSP" failures="0" tests="1" name="Openbrowser.p3" time="17.448" errors="0" timestamp="2022-12-13T11:22:00 IST" skipped="0">
  <testcase classname="Openbrowser.p3" name="instagram" time="17.448"/>
  <system-out/>
</testsuite> <!-- Openbrowser.p3 -->
